[INFO ] 2021-11-03 02:44:29.019 [main] Listeners - Successfully passed testcase:loginPage1TitleTest
/pattern>[INFO ] 2021-11-03 02:44:51.815 [main] LoginPage2Test - Driver invoked and launched the browser successfully
/pattern>[INFO ] 2021-11-03 02:58:59.146 [main] Listeners - Successfully passed testcase:loginPage1TitleTest
/pattern>[INFO ] 2021-11-03 02:59:05.763 [main] LoginPage2Test - Driver invoked and launched the browser successfully
/pattern>[INFO ] 2021-11-03 03:04:07.383 [main] Listeners - Successfully passed testcase:loginPage1TitleTest
/pattern>[INFO ] 2021-11-03 03:04:13.130 [main] LoginPage2Test - Driver invoked and launched the browser successfully
/pattern>[ERROR] 2021-11-03 03:05:02.444 [main] Listeners - failed testcase:FreeCrmLogoTest
/pattern>[INFO ] 2021-11-03 18:15:55.066 [main] Listeners - Successfully passed testcase:loginPage1TitleTest
/pattern>[INFO ] 2021-11-03 18:16:01.810 [main] LoginPage2Test - Driver invoked and launched the browser successfully
/pattern>[INFO ] 2021-11-03 18:16:02.773 [main] LoginPage2Test - Successfully validated the title
/pattern>[INFO ] 2021-11-03 18:16:02.773 [main] Listeners - Successfully passed testcase:loginPage2TitleTest
/pattern>[INFO ] 2021-11-03 18:16:21.759 [main] Listeners - Successfully passed testcase:homepageTitleTest
/pattern>[INFO ] 2021-11-03 18:17:02.863 [main] Listeners - Successfully passed testcase:FreeCrmLogoTest
/pattern>[INFO ] 2021-11-03 18:17:10.283 [main] LoginPage2Test - Driver invoked and launched the browser successfully
/pattern>[INFO ] 2021-11-03 18:17:18.745 [main] Listeners - Successfully passed testcase:Login1Test
/pattern>[INFO ] 2021-11-03 18:20:58.443 [main] TestUtil - Total rows:4
/pattern>[INFO ] 2021-11-03 18:20:58.447 [main] TestUtil - total cols:3
/pattern>[INFO ] 2021-11-03 18:20:58.455 [main] TestUtil - total cols:3
/pattern>[INFO ] 2021-11-03 18:20:58.455 [main] TestUtil - total cols:3
/pattern>[INFO ] 2021-11-03 18:20:58.456 [main] TestUtil - total cols:3
/pattern>[INFO ] 2021-11-03 18:44:25.695 [main] Listeners - Successfully passed testcase:loginPage1TitleTest
/pattern>[INFO ] 2021-11-03 18:44:31.294 [main] LoginPage2Test - Driver invoked and launched the browser successfully
/pattern>[INFO ] 2021-11-03 18:44:32.070 [main] LoginPage2Test - Successfully validated the title
/pattern>[INFO ] 2021-11-03 18:44:32.071 [main] Listeners - Successfully passed testcase:loginPage2TitleTest
/pattern>[INFO ] 2021-11-03 18:44:42.696 [main] Listeners - Successfully passed testcase:homepageTitleTest
/pattern>[INFO ] 2021-11-03 18:44:53.898 [main] Listeners - Successfully passed testcase:verifyContactsLabelTest
/pattern>[INFO ] 2021-11-03 18:44:58.699 [main] Listeners - Successfully passed testcase:FreeCrmLogoTest
/pattern>[INFO ] 2021-11-03 18:45:03.286 [main] LoginPage2Test - Driver invoked and launched the browser successfully
/pattern>[INFO ] 2021-11-03 18:45:09.289 [main] Listeners - Successfully passed testcase:Login1Test
/pattern>[INFO ] 2021-11-03 19:14:35.713 [main] TestUtil - Total rows:4
/pattern>[INFO ] 2021-11-03 19:14:35.718 [main] TestUtil - total cols:3
/pattern>[INFO ] 2021-11-03 19:14:35.724 [main] TestUtil - total cols:3
/pattern>[INFO ] 2021-11-03 19:14:35.725 [main] TestUtil - total cols:3
/pattern>[INFO ] 2021-11-03 19:14:35.726 [main] TestUtil - total cols:3
/pattern>[INFO ] 2021-11-03 19:17:26.954 [main] Listeners - Successfully passed testcase:loginPage1TitleTest
/pattern>[INFO ] 2021-11-03 19:17:33.276 [main] LoginPage2Test - Driver invoked and launched the browser successfully
/pattern>[INFO ] 2021-11-03 19:17:34.116 [main] LoginPage2Test - Successfully validated the title
/pattern>[INFO ] 2021-11-03 19:17:34.116 [main] Listeners - Successfully passed testcase:loginPage2TitleTest
/pattern>[INFO ] 2021-11-03 19:17:45.612 [main] Listeners - Successfully passed testcase:homepageTitleTest
/pattern>[INFO ] 2021-11-03 19:17:57.744 [main] Listeners - Successfully passed testcase:verifyContactsLabelTest
/pattern>[INFO ] 2021-11-03 19:18:03.358 [main] Listeners - Successfully passed testcase:FreeCrmLogoTest
/pattern>[INFO ] 2021-11-03 19:18:08.529 [main] LoginPage2Test - Driver invoked and launched the browser successfully
/pattern>[INFO ] 2021-11-03 19:18:14.919 [main] Listeners - Successfully passed testcase:Login1Test
/pattern>[INFO ] 2021-11-03 19:22:31.090 [main] Listeners - Successfully passed testcase:loginPage1TitleTest
/pattern>[INFO ] 2021-11-03 19:22:36.616 [main] LoginPage2Test - Driver invoked and launched the browser successfully
/pattern>[INFO ] 2021-11-03 19:22:38.156 [main] LoginPage2Test - Successfully validated the title
/pattern>[INFO ] 2021-11-03 19:22:38.157 [main] Listeners - Successfully passed testcase:loginPage2TitleTest
/pattern>[INFO ] 2021-11-03 19:22:49.862 [main] Listeners - Successfully passed testcase:homepageTitleTest
/pattern>[INFO ] 2021-11-03 19:23:02.269 [main] Listeners - Successfully passed testcase:verifyContactsLabelTest
/pattern>[INFO ] 2021-11-03 19:23:15.392 [main] Listeners - Successfully passed testcase:FreeCrmLogoTest
/pattern>[INFO ] 2021-11-03 19:23:25.705 [main] LoginPage2Test - Driver invoked and launched the browser successfully
/pattern>[INFO ] 2021-11-03 19:23:32.699 [main] Listeners - Successfully passed testcase:Login1Test
/pattern>[INFO ] 2021-11-03 19:56:39.790 [main] Listeners - Successfully passed testcase:loginPage1TitleTest
/pattern>[INFO ] 2021-11-03 19:56:45.657 [main] LoginPage2Test - Driver invoked and launched the browser successfully
/pattern>[INFO ] 2021-11-03 19:56:46.492 [main] LoginPage2Test - Successfully validated the title
/pattern>[INFO ] 2021-11-03 19:56:46.492 [main] Listeners - Successfully passed testcase:loginPage2TitleTest
/pattern>[INFO ] 2021-11-03 19:56:58.381 [main] Listeners - Successfully passed testcase:homepageTitleTest
/pattern>[INFO ] 2021-11-03 19:57:12.000 [main] Listeners - Successfully passed testcase:verifyContactsLabelTest
/pattern>[ERROR] 2021-11-03 19:57:28.472 [main] Listeners - failed testcase:FreeCrmLogoTest
/pattern>[INFO ] 2021-11-03 19:57:33.666 [main] LoginPage2Test - Driver invoked and launched the browser successfully
/pattern>[INFO ] 2021-11-03 19:57:39.678 [main] Listeners - Successfully passed testcase:Login1Test
/pattern>[INFO ] 2021-11-03 20:14:45.388 [main] Listeners - Successfully passed testcase:loginPage1TitleTest
/pattern>[INFO ] 2021-11-03 20:14:50.690 [main] LoginPage2Test - Driver invoked and launched the browser successfully
/pattern>[INFO ] 2021-11-03 20:14:51.295 [main] LoginPage2Test - Successfully validated the title
/pattern>[INFO ] 2021-11-03 20:14:51.296 [main] Listeners - Successfully passed testcase:loginPage2TitleTest
/pattern>[INFO ] 2021-11-03 20:15:02.702 [main] Listeners - Successfully passed testcase:homepageTitleTest
/pattern>[INFO ] 2021-11-03 20:15:14.658 [main] Listeners - Successfully passed testcase:verifyContactsLabelTest
/pattern>[ERROR] 2021-11-03 20:15:30.601 [main] Listeners - failed testcase:FreeCrmLogoTest
/pattern>[INFO ] 2021-11-03 20:15:36.662 [main] LoginPage2Test - Driver invoked and launched the browser successfully
/pattern>[INFO ] 2021-11-03 20:15:42.627 [main] Listeners - Successfully passed testcase:Login1Test
/pattern>[INFO ] 2021-11-03 20:22:38.399 [main] Listeners - Successfully passed testcase:loginPage1TitleTest
/pattern>[INFO ] 2021-11-03 20:22:43.751 [main] LoginPage2Test - Driver invoked and launched the browser successfully
/pattern>[INFO ] 2021-11-03 20:22:44.640 [main] LoginPage2Test - Successfully validated the title
/pattern>[INFO ] 2021-11-03 20:22:44.641 [main] Listeners - Successfully passed testcase:loginPage2TitleTest
/pattern>[INFO ] 2021-11-03 20:22:56.586 [main] Listeners - Successfully passed testcase:homepageTitleTest
/pattern>[INFO ] 2021-11-03 20:23:08.496 [main] Listeners - Successfully passed testcase:verifyContactsLabelTest
/pattern>[ERROR] 2021-11-03 20:23:24.367 [main] Listeners - failed testcase:FreeCrmLogoTest
/pattern>[INFO ] 2021-11-03 20:23:29.693 [main] LoginPage2Test - Driver invoked and launched the browser successfully
/pattern>[INFO ] 2021-11-03 20:23:36.170 [main] Listeners - Successfully passed testcase:Login1Test
/pattern>